# configure exec: ./configure --prefix=/home/nicks808/Desktop/Kafka_youtube_project/node_modules/node-rdkafka/build/deps --libdir=/home/nicks808/Desktop/Kafka_youtube_project/node_modules/node-rdkafka/build/deps --prefix=/home/nicks808/Desktop/Kafka_youtube_project/node_modules/node-rdkafka/build/deps --libdir=/home/nicks808/Desktop/Kafka_youtube_project/node_modules/node-rdkafka/build/deps
# On Wed 08 Dec 2021 01:56:29 PM EST
DBG 19420: Setting distro (distro) status to ok (action ignore)
DBG 19420: ccenv: WITH_CC:  --version failed: mklove/modules/configure.base: line 1761: --version: command not found
DBG 19420: Setting ccenv (ccenv) status to failed (action cont)
DBG 19420: Check ccenv (WITH_CC, action cont (originally cont)) failed: command ' --version' failed:
mklove/modules/configure.base: line 1761: --version: command not found
DBG 19420: Setting gcc (gcc) status to ok (action cont)
DBG 19420: cxxenv: WITH_CXX:  --version failed: mklove/modules/configure.base: line 1761: --version: command not found
DBG 19420: Setting cxxenv (cxxenv) status to failed (action cont)
DBG 19420: Check cxxenv (WITH_CXX, action cont (originally cont)) failed: command ' --version' failed:
mklove/modules/configure.base: line 1761: --version: command not found
DBG 19420: Setting gxx (gxx) status to ok (action cont)
DBG 19420: Setting ld (ld) status to ok (action disable)
DBG 19420: Setting nm (nm) status to ok (action disable)
DBG 19420: Setting objdump (objdump) status to ok (action disable)
DBG 19420: Setting strip (strip) status to ok (action disable)
DBG 19420: libtool: : libtool is not executable: 
DBG 19420: Setting libtool (libtool) status to failed (action disable)
DBG 19420: Check libtool (, action disable (originally disable)) failed: libtool is not executable
DBG 19420: Setting ranlib (ranlib) status to ok (action disable)
DBG 19420: Setting pkgconfig (pkgconfig) status to ok (action cont)
DBG 19420: Setting install (install) status to ok (action cont)
DBG 19420: Compile check PIC (HAVE_PIC) (sub=0): gcc  -g -O2 -Wall -Werror _mkltmpkHPNRh.c -o _mkltmpkHPNRh.c.o  -L/home/nicks808/Desktop/Kafka_youtube_project/node_modules/node-rdkafka/build/deps -fPIC
DBG 19420: Setting PIC (PIC) status to ok (action disable)
DBG 19420: Compile check gnulib (WITH_GNULD) (sub=0): gcc  -g -O2 -fPIC -Wall -Werror _mkltmpFG6Nkv.c -o _mkltmpFG6Nkv.c.o  -L/home/nicks808/Desktop/Kafka_youtube_project/node_modules/node-rdkafka/build/deps -shared -Wl,-soname,mkltest.0
DBG 19420: Setting gnulib (gnulib) status to ok (action cont)
DBG 19420: Compile check ldsflagvs () (sub=0): gcc  -g -O2 -fPIC -Wall -Werror _mkltmpXQWIWT.c -o _mkltmpXQWIWT.c.o  -L/home/nicks808/Desktop/Kafka_youtube_project/node_modules/node-rdkafka/build/deps -shared -Wl,--version-script=_mkltmpwnUP72
DBG 19420: Setting ldsflagvs (ldsflagvs) status to ok (action cont)
DBG 19420: Compile check __atomic_32 (HAVE_ATOMICS_32) (sub=0): gcc  -g -O2 -fPIC -Wall -Werror _mkltmpXsi3n3.c -o _mkltmpXsi3n3.c.o  -L/home/nicks808/Desktop/Kafka_youtube_project/node_modules/node-rdkafka/build/deps 
DBG 19420: Setting __atomic_32 (__atomic_32) status to ok (action cont)
DBG 19420: Compile check __atomic_64 (HAVE_ATOMICS_64) (sub=0): gcc  -g -O2 -fPIC -Wall -Werror _mkltmp4d8PXB.c -o _mkltmp4d8PXB.c.o  -L/home/nicks808/Desktop/Kafka_youtube_project/node_modules/node-rdkafka/build/deps 
DBG 19420: Setting __atomic_64 (__atomic_64) status to ok (action cont)
DBG 19420: Compile check socket () (sub=0): gcc  -g -O2 -fPIC -Wall -Wsign-compare -Wfloat-equal -Wpointer-arith -Wcast-align -Wall -Werror _mkltmp88WuKs.c -o _mkltmp88WuKs.c.o  -L/home/nicks808/Desktop/Kafka_youtube_project/node_modules/node-rdkafka/build/deps 
DBG 19420: Setting socket (socket) status to ok (action cont)
DBG 19420: Setting parseversion (parseversion) status to ok (action cont)
DBG 19420: pkg-config check librt for CFLAGS (): pkg-config --short-errors --cflags librt
DBG 19420: 'pkg-config --short-errors --cflags librt' failed: No package 'librt' found
DBG 19420: Setting librt_PKGCONFIG (librt_PKGCONFIG) status to failed (action cont)
DBG 19420: Check librt_PKGCONFIG (, action cont (originally cont)) failed: 'pkg-config --short-errors --cflags librt' failed:
No package 'librt' found
DBG 19420: librt: Check for static library (libs -lrt, arfile variable STATIC_LIB_librt=, static filenames )
DBG 19420: Compile check librt () (sub=0): gcc  -g -O2 -fPIC -Wall -Wsign-compare -Wfloat-equal -Wpointer-arith -Wcast-align -Wall -Werror _mkltmpLsfH2z.c -o _mkltmpLsfH2z.c.o  -L/home/nicks808/Desktop/Kafka_youtube_project/node_modules/node-rdkafka/build/deps -lrt
DBG 19420: Setting librt (librt) status to ok (action cont)
DBG 19420: librt: from lib_check: LIBS: prepend -lrt
DBG 19420: pkg-config check libpthread for CFLAGS (): pkg-config --short-errors --cflags libpthread
DBG 19420: 'pkg-config --short-errors --cflags libpthread' failed: No package 'libpthread' found
DBG 19420: Setting libpthread_PKGCONFIG (libpthread_PKGCONFIG) status to failed (action cont)
DBG 19420: Check libpthread_PKGCONFIG (, action cont (originally cont)) failed: 'pkg-config --short-errors --cflags libpthread' failed:
No package 'libpthread' found
DBG 19420: libpthread: Check for static library (libs -lpthread, arfile variable STATIC_LIB_libpthread=, static filenames )
DBG 19420: Compile check libpthread () (sub=0): gcc  -g -O2 -fPIC -Wall -Wsign-compare -Wfloat-equal -Wpointer-arith -Wcast-align -Wall -Werror _mkltmp3AGt2I.c -o _mkltmp3AGt2I.c.o  -L/home/nicks808/Desktop/Kafka_youtube_project/node_modules/node-rdkafka/build/deps -lpthread
DBG 19420: Setting libpthread (libpthread) status to ok (action fail)
DBG 19420: libpthread: from lib_check: LIBS: prepend -lpthread
DBG 19420: pkg-config check c11threads for CFLAGS (WITH_C11THREADS): pkg-config --short-errors --cflags c11threads
DBG 19420: 'pkg-config --short-errors --cflags c11threads' failed: No package 'c11threads' found
DBG 19420: Setting c11threads_PKGCONFIG (c11threads_PKGCONFIG) status to failed (action cont)
DBG 19420: Check c11threads_PKGCONFIG (, action cont (originally cont)) failed: 'pkg-config --short-errors --cflags c11threads' failed:
No package 'c11threads' found
DBG 19420: c11threads: Check for static library (libs -lpthread -lrt, arfile variable STATIC_LIB_c11threads=, static filenames )
DBG 19420: Compile check c11threads (WITH_C11THREADS) (sub=0): gcc  -g -O2 -fPIC -Wall -Wsign-compare -Wfloat-equal -Wpointer-arith -Wcast-align -Wall -Werror _mkltmpoGAVWU.c -o _mkltmpoGAVWU.c.o  -L/home/nicks808/Desktop/Kafka_youtube_project/node_modules/node-rdkafka/build/deps -lpthread -lrt
DBG 19420: Setting c11threads (c11threads) status to ok (action disable)
DBG 19420: c11threads: from lib_check: LIBS: prepend -lpthread -lrt
DBG 19420: pkg-config check libdl for CFLAGS (WITH_LIBDL): pkg-config --short-errors --cflags libdl
DBG 19420: 'pkg-config --short-errors --cflags libdl' failed: No package 'libdl' found
DBG 19420: Setting libdl_PKGCONFIG (libdl_PKGCONFIG) status to failed (action cont)
DBG 19420: Check libdl_PKGCONFIG (, action cont (originally cont)) failed: 'pkg-config --short-errors --cflags libdl' failed:
No package 'libdl' found
DBG 19420: libdl: Check for static library (libs -ldl, arfile variable STATIC_LIB_libdl=, static filenames )
DBG 19420: Compile check libdl (WITH_LIBDL) (sub=0): gcc  -g -O2 -fPIC -Wall -Wsign-compare -Wfloat-equal -Wpointer-arith -Wcast-align -Wall -Werror _mkltmpzx88N9.c -o _mkltmpzx88N9.c.o  -L/home/nicks808/Desktop/Kafka_youtube_project/node_modules/node-rdkafka/build/deps -ldl
DBG 19420: Setting libdl (libdl) status to ok (action disable)
DBG 19420: libdl: from lib_check: LIBS: prepend -ldl
DBG 19420: pkg-config check zlib for CFLAGS (WITH_ZLIB): pkg-config --short-errors --cflags zlib
DBG 19420: pkg-config check zlib for LIBS (WITH_ZLIB): pkg-config --short-errors --libs zlib
DBG 19420: zlib: from pkg-config: CFLAGS '', LIBS '-ldl -lpthread -lrt -lpthread -lrt'
DBG 19420: zlib: performing compile check using pkg-config info
DBG 19420: Compile check zlib (WITH_ZLIB) (sub=1): gcc  -g -O2 -fPIC -Wall -Wsign-compare -Wfloat-equal -Wpointer-arith -Wcast-align -Wall -Werror _mkltmpVtiNnO.c -o _mkltmpVtiNnO.c.o  -L/home/nicks808/Desktop/Kafka_youtube_project/node_modules/node-rdkafka/build/deps  -lz
DBG 19420: zlib: Check for static library (libs -lz, arfile variable STATIC_LIB_zlib=, static filenames libz.a)
DBG 19420: zlib: from pkg-config: LIBS: prepend -lz
DBG 19420: Setting zlib (zlib) status to ok (action cont)
DBG 19420: pkg-config check libcrypto for CFLAGS (): pkg-config --short-errors --cflags libcrypto
DBG 19420: 'pkg-config --short-errors --cflags libcrypto' failed: No package 'libcrypto' found
DBG 19420: Setting libcrypto_PKGCONFIG (libcrypto_PKGCONFIG) status to failed (action cont)
DBG 19420: Check libcrypto_PKGCONFIG (, action cont (originally cont)) failed: 'pkg-config --short-errors --cflags libcrypto' failed:
No package 'libcrypto' found
DBG 19420: libcrypto: Check for static library (libs -lcrypto, arfile variable STATIC_LIB_libcrypto=, static filenames libcrypto.a)
DBG 19420: Compile check libcrypto () (sub=0): gcc  -g -O2 -fPIC -Wall -Wsign-compare -Wfloat-equal -Wpointer-arith -Wcast-align -Wall -Werror _mkltmpFv8igQ.c -o _mkltmpFv8igQ.c.o  -L/home/nicks808/Desktop/Kafka_youtube_project/node_modules/node-rdkafka/build/deps -lcrypto
DBG 19420: compile check for libcrypto () failed: gcc  -g -O2 -fPIC -Wall -Wsign-compare -Wfloat-equal -Wpointer-arith -Wcast-align -Wall -Werror _mkltmpFv8igQ.c -o _mkltmpFv8igQ.c.o  -L/home/nicks808/Desktop/Kafka_youtube_project/node_modules/node-rdkafka/build/deps -lcrypto: _mkltmpFv8igQ.c:2:10: fatal error: openssl/ssl.h: No such file or directory
    2 | #include <openssl/ssl.h>
      |          ^~~~~~~~~~~~~~~
compilation terminated.
DBG 19420: Setting libcrypto (libcrypto) status to failed (action disable)
DBG 19420: Check libcrypto (, action disable (originally disable)) failed: compile check failed:
CC: CC
flags: -lcrypto
gcc  -g -O2 -fPIC -Wall -Wsign-compare -Wfloat-equal -Wpointer-arith -Wcast-align -Wall -Werror _mkltmpFv8igQ.c -o _mkltmpFv8igQ.c.o  -L/home/nicks808/Desktop/Kafka_youtube_project/node_modules/node-rdkafka/build/deps -lcrypto:
_mkltmpFv8igQ.c:2:10: fatal error: openssl/ssl.h: No such file or directory
    2 | #include <openssl/ssl.h>
      |          ^~~~~~~~~~~~~~~
compilation terminated.
source: 
#include <openssl/ssl.h>
#include <openssl/evp.h>
#if OPENSSL_VERSION_NUMBER < 0x1000100fL
#error "Requires OpenSSL version >= v1.0.1"
#endif
DBG 19420: pkg-config check libsasl2 for CFLAGS (WITH_SASL_CYRUS): pkg-config --short-errors --cflags libsasl2
DBG 19420: 'pkg-config --short-errors --cflags libsasl2' failed: No package 'libsasl2' found
DBG 19420: Setting libsasl2_PKGCONFIG (libsasl2_PKGCONFIG) status to failed (action cont)
DBG 19420: Check libsasl2_PKGCONFIG (, action cont (originally cont)) failed: 'pkg-config --short-errors --cflags libsasl2' failed:
No package 'libsasl2' found
DBG 19420: libsasl2: Check for static library (libs -lsasl2, arfile variable STATIC_LIB_libsasl2=, static filenames )
DBG 19420: Compile check libsasl2 (WITH_SASL_CYRUS) (sub=0): gcc  -g -O2 -fPIC -Wall -Wsign-compare -Wfloat-equal -Wpointer-arith -Wcast-align -Wall -Werror _mkltmp0WIrEN.c -o _mkltmp0WIrEN.c.o  -L/home/nicks808/Desktop/Kafka_youtube_project/node_modules/node-rdkafka/build/deps -lsasl2
DBG 19420: compile check for libsasl2 (WITH_SASL_CYRUS) failed: gcc  -g -O2 -fPIC -Wall -Wsign-compare -Wfloat-equal -Wpointer-arith -Wcast-align -Wall -Werror _mkltmp0WIrEN.c -o _mkltmp0WIrEN.c.o  -L/home/nicks808/Desktop/Kafka_youtube_project/node_modules/node-rdkafka/build/deps -lsasl2: _mkltmp0WIrEN.c:3:10: fatal error: sasl/sasl.h: No such file or directory
    3 | #include <sasl/sasl.h>
      |          ^~~~~~~~~~~~~
compilation terminated.
DBG 19420: Setting libsasl2 (libsasl2) status to failed (action disable)
DBG 19420: Check libsasl2 (WITH_SASL_CYRUS, action disable (originally disable)) failed: compile check failed:
CC: CC
flags: -lsasl2
gcc  -g -O2 -fPIC -Wall -Wsign-compare -Wfloat-equal -Wpointer-arith -Wcast-align -Wall -Werror _mkltmp0WIrEN.c -o _mkltmp0WIrEN.c.o  -L/home/nicks808/Desktop/Kafka_youtube_project/node_modules/node-rdkafka/build/deps -lsasl2:
_mkltmp0WIrEN.c:3:10: fatal error: sasl/sasl.h: No such file or directory
    3 | #include <sasl/sasl.h>
      |          ^~~~~~~~~~~~~
compilation terminated.
source: 
#include <stddef.h>
#include <sasl/sasl.h>

DBG 19420: pkg-config check libsasl for CFLAGS (WITH_SASL_CYRUS): pkg-config --short-errors --cflags libsasl
DBG 19420: 'pkg-config --short-errors --cflags libsasl' failed: No package 'libsasl' found
DBG 19420: Setting libsasl_PKGCONFIG (libsasl_PKGCONFIG) status to failed (action cont)
DBG 19420: Check libsasl_PKGCONFIG (, action cont (originally cont)) failed: 'pkg-config --short-errors --cflags libsasl' failed:
No package 'libsasl' found
DBG 19420: libsasl: Check for static library (libs -lsasl, arfile variable STATIC_LIB_libsasl=, static filenames )
DBG 19420: Compile check libsasl (WITH_SASL_CYRUS) (sub=0): gcc  -g -O2 -fPIC -Wall -Wsign-compare -Wfloat-equal -Wpointer-arith -Wcast-align -Wall -Werror _mkltmpEaF9Lb.c -o _mkltmpEaF9Lb.c.o  -L/home/nicks808/Desktop/Kafka_youtube_project/node_modules/node-rdkafka/build/deps -lsasl
DBG 19420: compile check for libsasl (WITH_SASL_CYRUS) failed: gcc  -g -O2 -fPIC -Wall -Wsign-compare -Wfloat-equal -Wpointer-arith -Wcast-align -Wall -Werror _mkltmpEaF9Lb.c -o _mkltmpEaF9Lb.c.o  -L/home/nicks808/Desktop/Kafka_youtube_project/node_modules/node-rdkafka/build/deps -lsasl: _mkltmpEaF9Lb.c:3:10: fatal error: sasl/sasl.h: No such file or directory
    3 | #include <sasl/sasl.h>
      |          ^~~~~~~~~~~~~
compilation terminated.
DBG 19420: Setting libsasl (libsasl) status to failed (action disable)
DBG 19420: Check libsasl (WITH_SASL_CYRUS, action disable (originally disable)) failed: compile check failed:
CC: CC
flags: -lsasl
gcc  -g -O2 -fPIC -Wall -Wsign-compare -Wfloat-equal -Wpointer-arith -Wcast-align -Wall -Werror _mkltmpEaF9Lb.c -o _mkltmpEaF9Lb.c.o  -L/home/nicks808/Desktop/Kafka_youtube_project/node_modules/node-rdkafka/build/deps -lsasl:
_mkltmpEaF9Lb.c:3:10: fatal error: sasl/sasl.h: No such file or directory
    3 | #include <sasl/sasl.h>
      |          ^~~~~~~~~~~~~
compilation terminated.
source: 
#include <stddef.h>
#include <sasl/sasl.h>

DBG 19420: pkg-config check libzstd for CFLAGS (WITH_ZSTD): pkg-config --short-errors --cflags libzstd
DBG 19420: 'pkg-config --short-errors --cflags libzstd' failed: No package 'libzstd' found
DBG 19420: Setting libzstd_PKGCONFIG (libzstd_PKGCONFIG) status to failed (action cont)
DBG 19420: Check libzstd_PKGCONFIG (, action cont (originally cont)) failed: 'pkg-config --short-errors --cflags libzstd' failed:
No package 'libzstd' found
DBG 19420: libzstd: Check for static library (libs -lzstd, arfile variable STATIC_LIB_libzstd=, static filenames libzstd.a)
DBG 19420: Compile check libzstd (WITH_ZSTD) (sub=0): gcc  -g -O2 -fPIC -Wall -Wsign-compare -Wfloat-equal -Wpointer-arith -Wcast-align -Wall -Werror _mkltmpIAQjsO.c -o _mkltmpIAQjsO.c.o  -L/home/nicks808/Desktop/Kafka_youtube_project/node_modules/node-rdkafka/build/deps -lzstd
DBG 19420: compile check for libzstd (WITH_ZSTD) failed: gcc  -g -O2 -fPIC -Wall -Wsign-compare -Wfloat-equal -Wpointer-arith -Wcast-align -Wall -Werror _mkltmpIAQjsO.c -o _mkltmpIAQjsO.c.o  -L/home/nicks808/Desktop/Kafka_youtube_project/node_modules/node-rdkafka/build/deps -lzstd: _mkltmpIAQjsO.c:2:10: fatal error: zstd.h: No such file or directory
    2 | #include <zstd.h>
      |          ^~~~~~~~
compilation terminated.
DBG 19420: Setting libzstd (libzstd) status to failed (action disable)
DBG 19420: Check libzstd (WITH_ZSTD, action disable (originally disable)) failed: compile check failed:
CC: CC
flags: -lzstd
gcc  -g -O2 -fPIC -Wall -Wsign-compare -Wfloat-equal -Wpointer-arith -Wcast-align -Wall -Werror _mkltmpIAQjsO.c -o _mkltmpIAQjsO.c.o  -L/home/nicks808/Desktop/Kafka_youtube_project/node_modules/node-rdkafka/build/deps -lzstd:
_mkltmpIAQjsO.c:2:10: fatal error: zstd.h: No such file or directory
    2 | #include <zstd.h>
      |          ^~~~~~~~
compilation terminated.
source: 
#include <zstd.h>
#include <zstd_errors.h>

void foo (void) {
     ZSTD_getFrameContentSize(NULL, 0);
}

DBG 19420: pkg-config check libm for CFLAGS (): pkg-config --short-errors --cflags libm
DBG 19420: 'pkg-config --short-errors --cflags libm' failed: No package 'libm' found
DBG 19420: Setting libm_PKGCONFIG (libm_PKGCONFIG) status to failed (action cont)
DBG 19420: Check libm_PKGCONFIG (, action cont (originally cont)) failed: 'pkg-config --short-errors --cflags libm' failed:
No package 'libm' found
DBG 19420: libm: Check for static library (libs -lm, arfile variable STATIC_LIB_libm=, static filenames )
DBG 19420: Compile check libm () (sub=0): gcc  -g -O2 -fPIC -Wall -Wsign-compare -Wfloat-equal -Wpointer-arith -Wcast-align -Wall -Werror _mkltmp2AVAm6.c -o _mkltmp2AVAm6.c.o  -L/home/nicks808/Desktop/Kafka_youtube_project/node_modules/node-rdkafka/build/deps -lm
DBG 19420: Setting libm (libm) status to ok (action disable)
DBG 19420: libm: from lib_check: LIBS: prepend -lm
DBG 19420: pkg-config check liblz4 for CFLAGS (WITH_LZ4_EXT): pkg-config --short-errors --cflags liblz4
DBG 19420: 'pkg-config --short-errors --cflags liblz4' failed: No package 'liblz4' found
DBG 19420: Setting liblz4_PKGCONFIG (liblz4_PKGCONFIG) status to failed (action cont)
DBG 19420: Check liblz4_PKGCONFIG (, action cont (originally cont)) failed: 'pkg-config --short-errors --cflags liblz4' failed:
No package 'liblz4' found
DBG 19420: liblz4: Check for static library (libs -llz4, arfile variable STATIC_LIB_liblz4=, static filenames liblz4.a)
DBG 19420: Compile check liblz4 (WITH_LZ4_EXT) (sub=0): gcc  -g -O2 -fPIC -Wall -Wsign-compare -Wfloat-equal -Wpointer-arith -Wcast-align -Wall -Werror _mkltmpa9vgHN.c -o _mkltmpa9vgHN.c.o  -L/home/nicks808/Desktop/Kafka_youtube_project/node_modules/node-rdkafka/build/deps -llz4
DBG 19420: compile check for liblz4 (WITH_LZ4_EXT) failed: gcc  -g -O2 -fPIC -Wall -Wsign-compare -Wfloat-equal -Wpointer-arith -Wcast-align -Wall -Werror _mkltmpa9vgHN.c -o _mkltmpa9vgHN.c.o  -L/home/nicks808/Desktop/Kafka_youtube_project/node_modules/node-rdkafka/build/deps -llz4: _mkltmpa9vgHN.c:1:10: fatal error: lz4frame.h: No such file or directory
    1 | #include <lz4frame.h>
      |          ^~~~~~~~~~~~
compilation terminated.
DBG 19420: Setting liblz4 (liblz4) status to failed (action disable)
DBG 19420: Check liblz4 (WITH_LZ4_EXT, action disable (originally disable)) failed: compile check failed:
CC: CC
flags: -llz4
gcc  -g -O2 -fPIC -Wall -Wsign-compare -Wfloat-equal -Wpointer-arith -Wcast-align -Wall -Werror _mkltmpa9vgHN.c -o _mkltmpa9vgHN.c.o  -L/home/nicks808/Desktop/Kafka_youtube_project/node_modules/node-rdkafka/build/deps -llz4:
_mkltmpa9vgHN.c:1:10: fatal error: lz4frame.h: No such file or directory
    1 | #include <lz4frame.h>
      |          ^~~~~~~~~~~~
compilation terminated.
source: #include <lz4frame.h>
DBG 19420: Compile check syslog (WITH_SYSLOG) (sub=0): gcc  -g -O2 -fPIC -Wall -Wsign-compare -Wfloat-equal -Wpointer-arith -Wcast-align -Wall -Werror _mkltmpTZgrEa.c -o _mkltmpTZgrEa.c.o  -L/home/nicks808/Desktop/Kafka_youtube_project/node_modules/node-rdkafka/build/deps 
DBG 19420: Setting syslog (syslog) status to ok (action disable)
DBG 19420: Compile check rapidjson (WITH_RAPIDJSON) (sub=0): g++  -g -O2 -fPIC -Wall -Wsign-compare -Wfloat-equal -Wpointer-arith -Wcast-align -Wall -Werror _mkltmpCrKQsj.cpp -o _mkltmpCrKQsj.cpp.o  -L/home/nicks808/Desktop/Kafka_youtube_project/node_modules/node-rdkafka/build/deps 
DBG 19420: compile check for rapidjson (WITH_RAPIDJSON) failed: g++  -g -O2 -fPIC -Wall -Wsign-compare -Wfloat-equal -Wpointer-arith -Wcast-align -Wall -Werror _mkltmpCrKQsj.cpp -o _mkltmpCrKQsj.cpp.o  -L/home/nicks808/Desktop/Kafka_youtube_project/node_modules/node-rdkafka/build/deps : _mkltmpCrKQsj.cpp:1:10: fatal error: rapidjson/schema.h: No such file or directory
    1 | #include <rapidjson/schema.h>
      |          ^~~~~~~~~~~~~~~~~~~~
compilation terminated.
DBG 19420: Setting rapidjson (rapidjson) status to failed (action disable)
DBG 19420: Check rapidjson (WITH_RAPIDJSON, action disable (originally disable)) failed: compile check failed:
CC: CXX
flags: 
g++  -g -O2 -fPIC -Wall -Wsign-compare -Wfloat-equal -Wpointer-arith -Wcast-align -Wall -Werror _mkltmpCrKQsj.cpp -o _mkltmpCrKQsj.cpp.o  -L/home/nicks808/Desktop/Kafka_youtube_project/node_modules/node-rdkafka/build/deps :
_mkltmpCrKQsj.cpp:1:10: fatal error: rapidjson/schema.h: No such file or directory
    1 | #include <rapidjson/schema.h>
      |          ^~~~~~~~~~~~~~~~~~~~
compilation terminated.
source: #include <rapidjson/schema.h>
DBG 19420: Compile check crc32chw (WITH_CRC32C_HW) (sub=0): gcc  -g -O2 -fPIC -Wall -Wsign-compare -Wfloat-equal -Wpointer-arith -Wcast-align -Wall -Werror _mkltmpvaQZsg.c -o _mkltmpvaQZsg.c.o  -L/home/nicks808/Desktop/Kafka_youtube_project/node_modules/node-rdkafka/build/deps 
DBG 19420: Setting crc32chw (crc32chw) status to ok (action disable)
DBG 19420: Compile check regex (HAVE_REGEX) (sub=0): gcc  -g -O2 -fPIC -Wall -Wsign-compare -Wfloat-equal -Wpointer-arith -Wcast-align -Wall -Werror _mkltmpzXzsmQ.c -o _mkltmpzXzsmQ.c.o  -L/home/nicks808/Desktop/Kafka_youtube_project/node_modules/node-rdkafka/build/deps 
DBG 19420: Setting regex (regex) status to ok (action disable)
DBG 19420: Compile check rand_r (HAVE_RAND_R) (sub=0): gcc  -g -O2 -fPIC -Wall -Wsign-compare -Wfloat-equal -Wpointer-arith -Wcast-align -Wall -Werror _mkltmp3m3CV3.c -o _mkltmp3m3CV3.c.o  -L/home/nicks808/Desktop/Kafka_youtube_project/node_modules/node-rdkafka/build/deps 
DBG 19420: Setting rand_r (rand_r) status to ok (action disable)
DBG 19420: Compile check strndup (HAVE_STRNDUP) (sub=0): gcc  -g -O2 -fPIC -Wall -Wsign-compare -Wfloat-equal -Wpointer-arith -Wcast-align -Wall -Werror _mkltmp9CVAS7.c -o _mkltmp9CVAS7.c.o  -L/home/nicks808/Desktop/Kafka_youtube_project/node_modules/node-rdkafka/build/deps 
DBG 19420: Setting strndup (strndup) status to ok (action disable)
DBG 19420: Compile check strlcpy (HAVE_STRLCPY) (sub=0): gcc  -g -O2 -fPIC -Wall -Wsign-compare -Wfloat-equal -Wpointer-arith -Wcast-align -Wall -Werror _mkltmpur5nqS.c -o _mkltmpur5nqS.c.o  -L/home/nicks808/Desktop/Kafka_youtube_project/node_modules/node-rdkafka/build/deps 
DBG 19420: compile check for strlcpy (HAVE_STRLCPY) failed: gcc  -g -O2 -fPIC -Wall -Wsign-compare -Wfloat-equal -Wpointer-arith -Wcast-align -Wall -Werror _mkltmpur5nqS.c -o _mkltmpur5nqS.c.o  -L/home/nicks808/Desktop/Kafka_youtube_project/node_modules/node-rdkafka/build/deps : _mkltmpur5nqS.c: In function ‘foo’:
_mkltmpur5nqS.c:6:11: error: implicit declaration of function ‘strlcpy’; did you mean ‘strncpy’? [-Werror=implicit-function-declaration]
    6 |    return strlcpy(dest, "something", sizeof(dest));
      |           ^~~~~~~
      |           strncpy
cc1: all warnings being treated as errors
DBG 19420: Setting strlcpy (strlcpy) status to failed (action disable)
DBG 19420: Check strlcpy (HAVE_STRLCPY, action disable (originally disable)) failed: compile check failed:
CC: CC
flags: 
gcc  -g -O2 -fPIC -Wall -Wsign-compare -Wfloat-equal -Wpointer-arith -Wcast-align -Wall -Werror _mkltmpur5nqS.c -o _mkltmpur5nqS.c.o  -L/home/nicks808/Desktop/Kafka_youtube_project/node_modules/node-rdkafka/build/deps :
_mkltmpur5nqS.c: In function ‘foo’:
_mkltmpur5nqS.c:6:11: error: implicit declaration of function ‘strlcpy’; did you mean ‘strncpy’? [-Werror=implicit-function-declaration]
    6 |    return strlcpy(dest, "something", sizeof(dest));
      |           ^~~~~~~
      |           strncpy
cc1: all warnings being treated as errors
source: 
#define _DARWIN_C_SOURCE
#include <string.h>
int foo (void) {
    char dest[4];
   return strlcpy(dest, "something", sizeof(dest));
}
DBG 19420: Compile check strerror_r (HAVE_STRERROR_R) (sub=0): gcc  -g -O2 -fPIC -Wall -Wsign-compare -Wfloat-equal -Wpointer-arith -Wcast-align -Wall -Werror _mkltmpQBtI53.c -o _mkltmpQBtI53.c.o  -L/home/nicks808/Desktop/Kafka_youtube_project/node_modules/node-rdkafka/build/deps 
DBG 19420: Setting strerror_r (strerror_r) status to ok (action disable)
DBG 19420: Compile check strcasestr (HAVE_STRCASESTR) (sub=0): gcc  -g -O2 -fPIC -Wall -Wsign-compare -Wfloat-equal -Wpointer-arith -Wcast-align -Wall -Werror _mkltmpZ4z2FI.c -o _mkltmpZ4z2FI.c.o  -L/home/nicks808/Desktop/Kafka_youtube_project/node_modules/node-rdkafka/build/deps 
DBG 19420: Setting strcasestr (strcasestr) status to ok (action disable)
DBG 19420: Compile check pthread_setname_gnu (HAVE_PTHREAD_SETNAME_GNU) (sub=0): gcc  -g -O2 -fPIC -Wall -Wsign-compare -Wfloat-equal -Wpointer-arith -Wcast-align -Wall -Werror _mkltmpwcv8zE.c -o _mkltmpwcv8zE.c.o  -L/home/nicks808/Desktop/Kafka_youtube_project/node_modules/node-rdkafka/build/deps -D_GNU_SOURCE -lpthread
DBG 19420: Setting pthread_setname_gnu (pthread_setname_gnu) status to ok (action disable)
DBG 19420: Setting nm (nm) status to ok (action cont)
DBG 19420: Setting python3 (python3) status to ok (action disable)
DBG 19420: Compile check getrusage (HAVE_GETRUSAGE) (sub=0): gcc  -g -O2 -fPIC -Wall -Wsign-compare -Wfloat-equal -Wpointer-arith -Wcast-align -Wall -Werror _mkltmpJgofoT.c -o _mkltmpJgofoT.c.o  -L/home/nicks808/Desktop/Kafka_youtube_project/node_modules/node-rdkafka/build/deps 
DBG 19420: Setting getrusage (getrusage) status to ok (action disable)
